SF:lib/widgets/common/common_widgets.dart
DA:9,1
DA:26,1
DA:28,1
DA:29,1
DA:32,2
DA:33,1
DA:34,2
DA:35,1
DA:36,3
DA:37,1
DA:40,1
DA:44,1
DA:55,1
DA:67,1
DA:76,1
DA:78,1
DA:79,1
DA:81,1
DA:83,1
DA:84,1
DA:85,1
DA:87,1
DA:90,1
DA:91,1
DA:92,1
DA:94,1
DA:98,2
DA:100,1
DA:101,1
DA:102,1
DA:104,1
DA:109,3
DA:111,1
DA:112,1
DA:113,2
DA:129,1
DA:137,1
DA:139,1
DA:141,1
DA:142,1
DA:143,2
DA:144,1
DA:146,1
DA:147,1
DA:148,1
DA:149,1
DA:151,1
DA:161,1
DA:166,1
DA:168,2
DA:170,1
DA:172,1
DA:173,1
DA:174,1
DA:176,1
DA:177,2
DA:178,1
DA:181,1
DA:192,1
DA:198,1
DA:200,1
DA:202,1
DA:203,2
DA:204,1
DA:206,1
DA:207,2
DA:208,1
DA:211,1
DA:226,1
DA:236,1
DA:238,1
DA:239,1
DA:241,1
DA:242,1
DA:243,1
DA:244,1
DA:252,1
DA:254,1
DA:255,1
DA:256,1
DA:257,1
DA:261,1
DA:262,1
DA:263,1
DA:270,2
DA:271,1
DA:272,1
DA:273,2
DA:288,1
DA:297,1
DA:299,1
DA:300,3
DA:301,1
DA:302,2
DA:303,1
DA:304,1
DA:305,2
DA:310,1
DA:311,1
DA:312,1
DA:313,2
DA:327,1
DA:336,1
DA:338,1
DA:339,1
DA:342,1
DA:343,1
DA:344,1
DA:345,1
DA:346,1
DA:347,1
DA:349,1
DA:350,1
DA:351,1
DA:355,1
DA:356,1
DA:357,6
DA:358,1
DA:368,1
DA:369,1
DA:370,1
DA:384,1
DA:392,1
DA:394,1
DA:395,1
DA:396,1
DA:397,1
DA:398,3
DA:400,2
DA:413,1
DA:421,1
DA:423,1
DA:424,1
DA:425,2
DA:426,1
DA:427,1
DA:437,1
DA:438,1
DA:440,1
DA:441,1
DA:442,1
DA:445,1
DA:448,1
DA:450,1
LF:144
LH:144
end_of_record
SF:lib/widgets/common/project_header.dart
DA:23,1
DA:31,0
DA:32,0
DA:34,0
DA:36,0
DA:38,0
DA:39,0
DA:40,0
DA:41,0
DA:42,0
DA:45,0
DA:50,0
DA:51,0
DA:52,0
DA:53,0
DA:56,0
DA:57,0
DA:62,0
DA:63,0
DA:64,0
DA:65,0
DA:68,0
DA:73,0
DA:74,0
DA:75,0
DA:76,0
DA:85,0
DA:88,0
DA:93,0
DA:94,0
DA:95,0
DA:96,0
DA:101,0
DA:102,0
DA:103,0
DA:104,0
DA:110,0
DA:112,0
DA:114,0
DA:116,0
DA:117,0
DA:118,0
DA:119,0
DA:120,0
DA:121,0
DA:126,0
DA:127,0
DA:128,0
DA:129,0
DA:135,1
DA:138,1
DA:139,0
DA:142,1
DA:144,1
DA:146,1
DA:147,1
DA:148,1
DA:149,1
DA:150,0
DA:153,0
DA:155,0
DA:159,0
DA:160,0
DA:162,0
DA:163,0
DA:164,0
DA:170,0
DA:171,0
DA:172,0
DA:174,0
DA:182,1
DA:189,1
DA:190,1
DA:191,0
DA:192,0
DA:193,0
DA:197,0
DA:198,0
DA:202,0
DA:203,0
DA:207,0
DA:208,0
DA:212,0
DA:213,0
DA:214,0
DA:221,1
DA:223,0
DA:236,0
DA:238,0
DA:240,0
DA:241,0
DA:242,0
DA:244,0
DA:246,0
DA:247,0
DA:248,0
DA:250,0
DA:251,0
DA:254,0
DA:255,0
DA:265,0
DA:267,0
DA:268,0
DA:269,0
DA:270,0
DA:272,0
DA:273,0
DA:274,0
DA:276,0
DA:277,0
DA:278,0
DA:282,0
DA:283,0
LF:113
LH:13
end_of_record
SF:lib/common/platform_utils.dart
DA:5,0
DA:7,0
DA:10,0
DA:11,0
DA:12,0
DA:17,0
DA:20,0
DA:21,0
DA:22,0
DA:23,0
DA:24,0
DA:25,0
DA:28,0
LF:13
LH:0
end_of_record
SF:lib/services/desktop_integration.dart
DA:6,0
DA:7,0
DA:18,0
DA:19,0
DA:20,0
DA:24,0
DA:25,0
DA:26,0
DA:28,0
DA:33,0
DA:34,0
DA:36,0
DA:37,0
DA:38,0
DA:41,0
DA:43,0
DA:44,0
DA:47,0
DA:48,0
DA:50,0
DA:51,0
DA:52,0
DA:55,0
DA:56,0
DA:58,0
DA:59,0
DA:64,0
LF:27
LH:0
end_of_record
SF:lib/widgets/common/column_widgets.dart
DA:18,0
DA:27,0
DA:29,0
DA:32,0
DA:33,0
DA:39,0
DA:40,0
DA:41,0
DA:42,0
DA:43,0
DA:44,0
DA:47,0
DA:48,0
DA:49,0
DA:50,0
DA:52,0
DA:57,0
DA:62,0
DA:63,0
DA:64,0
DA:66,0
DA:67,0
DA:68,0
DA:71,0
DA:75,0
DA:76,0
DA:77,0
DA:78,0
DA:79,0
DA:80,0
DA:90,0
DA:95,0
DA:96,0
DA:97,0
DA:99,0
DA:101,0
DA:102,0
DA:104,0
DA:106,0
DA:107,0
DA:114,0
DA:117,0
DA:118,0
DA:120,0
DA:122,0
DA:123,0
DA:125,0
DA:130,0
DA:132,0
DA:136,0
DA:137,0
DA:138,0
DA:141,0
DA:142,0
DA:143,0
DA:144,0
DA:145,0
DA:150,0
DA:151,0
DA:152,0
DA:163,0
DA:168,0
DA:170,0
DA:172,0
DA:173,0
DA:174,0
DA:175,0
DA:176,0
DA:179,0
DA:180,0
DA:181,0
DA:182,0
DA:183,0
DA:192,0
DA:196,0
DA:200,0
DA:202,0
DA:203,0
DA:205,0
DA:207,0
DA:208,0
DA:216,0
DA:219,0
DA:220,0
DA:222,0
DA:224,0
DA:225,0
DA:227,0
DA:232,0
DA:234,0
DA:238,0
DA:239,0
DA:240,0
DA:243,0
DA:244,0
DA:245,0
DA:246,0
DA:247,0
DA:248,0
DA:252,0
DA:253,0
LF:101
LH:0
end_of_record
SF:lib/models/board.g.dart
DA:13,1
DA:15,1
DA:16,1
DA:17,5
DA:19,1
DA:20,1
DA:21,1
DA:22,1
DA:23,1
DA:24,2
DA:25,1
DA:26,1
DA:27,2
DA:28,0
DA:32,1
DA:35,1
DA:36,1
DA:37,2
DA:38,1
DA:39,2
DA:40,1
DA:41,2
DA:42,1
DA:43,2
DA:44,1
DA:45,2
DA:46,1
DA:47,2
DA:48,1
DA:49,2
DA:52,1
DA:53,2
DA:55,1
DA:58,1
DA:59,3
DA:60,3
DA:67,1
DA:69,1
DA:70,1
DA:71,5
DA:73,1
DA:74,1
DA:75,1
DA:76,2
DA:77,1
DA:78,1
DA:79,1
DA:83,1
DA:86,1
DA:87,1
DA:88,2
DA:89,1
DA:90,2
DA:91,1
DA:92,2
DA:93,1
DA:94,2
DA:95,1
DA:96,2
DA:97,1
DA:98,2
DA:101,1
DA:102,2
DA:104,1
DA:107,1
DA:108,3
DA:109,3
LF:67
LH:66
end_of_record
SF:lib/models/board.dart
DA:28,1
DA:37,3
DA:38,1
DA:40,3
DA:41,1
DA:43,5
DA:49,1
DA:58,1
DA:59,1
DA:60,0
DA:61,1
DA:62,1
DA:63,1
DA:64,1
DA:65,1
DA:71,1
DA:72,1
DA:75,1
DA:76,1
DA:77,1
DA:79,1
DA:84,1
DA:89,1
DA:94,1
DA:99,1
DA:100,1
DA:103,1
DA:105,1
DA:106,1
DA:107,1
DA:111,1
DA:112,1
DA:116,1
DA:117,1
DA:121,1
DA:122,1
DA:126,1
DA:127,1
DA:134,1
DA:135,1
DA:138,1
DA:140,1
DA:141,1
DA:142,1
DA:146,1
DA:147,1
DA:151,1
DA:152,1
DA:156,1
DA:157,1
DA:161,1
DA:162,1
DA:191,1
DA:199,3
DA:200,1
DA:202,5
DA:205,1
DA:213,1
DA:214,1
DA:215,1
DA:216,1
DA:217,1
DA:218,1
DA:219,1
LF:64
LH:63
end_of_record
SF:lib/models/project.dart
DA:61,1
DA:62,2
DA:63,1
DA:65,6
DA:68,2
DA:72,1
DA:73,1
DA:74,3
DA:75,0
DA:78,1
DA:79,1
DA:80,1
DA:82,1
DA:87,1
DA:92,1
DA:97,1
DA:101,1
DA:118,1
DA:119,1
DA:120,2
DA:121,1
DA:123,3
DA:124,1
DA:126,3
DA:127,1
DA:128,1
DA:131,1
DA:132,5
DA:135,4
DA:136,1
DA:137,2
DA:139,1
DA:140,2
DA:142,2
DA:143,2
DA:147,1
DA:148,2
DA:149,3
DA:152,1
DA:169,1
DA:170,1
DA:171,0
DA:172,1
DA:173,1
DA:174,1
DA:175,1
DA:176,1
DA:177,1
DA:178,1
DA:179,1
DA:180,1
DA:181,1
DA:182,1
DA:183,1
DA:184,1
LF:55
LH:53
end_of_record
SF:lib/models/project.g.dart
DA:13,1
DA:15,1
DA:16,1
DA:17,5
DA:19,1
DA:20,1
DA:21,1
DA:22,1
DA:23,1
DA:24,1
DA:25,1
DA:26,1
DA:27,1
DA:28,1
DA:29,1
DA:30,2
DA:32,3
DA:33,2
DA:34,1
DA:35,2
DA:36,0
DA:37,2
DA:41,1
DA:44,1
DA:45,1
DA:46,2
DA:47,1
DA:48,2
DA:49,1
DA:50,2
DA:51,1
DA:52,2
DA:53,1
DA:54,2
DA:55,1
DA:56,2
DA:57,1
DA:58,2
DA:59,1
DA:60,2
DA:61,1
DA:62,2
DA:63,1
DA:64,2
DA:65,1
DA:66,2
DA:67,1
DA:68,2
DA:69,1
DA:70,2
DA:71,1
DA:72,2
DA:73,1
DA:74,2
DA:77,1
DA:78,2
DA:80,1
DA:83,1
DA:84,3
DA:85,3
LF:60
LH:59
end_of_record
SF:lib/models/task.g.dart
DA:13,1
DA:15,1
DA:16,1
DA:17,5
DA:19,1
DA:20,1
DA:21,1
DA:22,1
DA:23,1
DA:24,1
DA:25,1
DA:26,1
DA:27,1
DA:28,2
DA:29,1
DA:30,1
DA:31,2
DA:33,3
DA:34,2
DA:35,2
DA:36,2
DA:38,3
DA:42,1
DA:45,1
DA:46,1
DA:47,2
DA:48,1
DA:49,2
DA:50,1
DA:51,2
DA:52,1
DA:53,2
DA:54,1
DA:55,2
DA:56,1
DA:57,2
DA:58,1
DA:59,2
DA:60,1
DA:61,2
DA:62,1
DA:63,2
DA:64,1
DA:65,2
DA:66,1
DA:67,2
DA:68,1
DA:69,2
DA:70,1
DA:71,2
DA:72,1
DA:73,2
DA:74,1
DA:75,2
DA:76,1
DA:77,2
DA:78,1
DA:79,2
DA:82,1
DA:83,2
DA:85,1
DA:88,1
DA:89,3
DA:90,3
DA:97,1
DA:99,1
DA:100,1
DA:102,1
DA:104,1
DA:106,1
DA:108,1
DA:115,1
DA:118,1
DA:119,1
DA:121,1
DA:122,1
DA:124,1
DA:125,1
DA:127,1
DA:128,1
DA:130,1
DA:131,1
DA:136,1
DA:137,2
DA:139,1
DA:142,1
DA:143,3
DA:144,3
DA:151,1
DA:153,1
DA:154,1
DA:156,1
DA:158,1
DA:165,1
DA:168,1
DA:169,1
DA:171,1
DA:172,1
DA:174,1
DA:175,1
DA:180,1
DA:181,2
DA:183,1
DA:186,1
DA:187,3
DA:188,3
LF:106
LH:106
end_of_record
SF:lib/models/task.dart
DA:65,1
DA:84,2
DA:85,1
DA:87,3
DA:88,1
DA:90,3
DA:91,1
DA:97,1
DA:98,3
DA:99,1
DA:100,3
DA:102,1
DA:105,1
DA:106,4
DA:109,1
DA:110,4
DA:111,2
DA:112,1
DA:113,3
DA:114,5
DA:117,1
DA:118,4
DA:119,4
DA:122,6
DA:126,1
DA:127,2
DA:128,2
DA:129,2
DA:130,2
DA:131,2
DA:132,1
DA:135,1
DA:154,1
DA:155,1
DA:156,1
DA:157,1
DA:158,1
DA:159,1
DA:160,1
DA:161,1
DA:162,1
DA:163,1
DA:164,1
DA:165,1
DA:166,1
DA:167,1
DA:168,1
DA:169,1
DA:170,1
DA:171,1
LF:50
LH:50
end_of_record
SF:lib/services/task_service.dart
DA:41,1
DA:46,1
DA:47,1
DA:48,1
DA:49,1
DA:52,1
DA:53,1
DA:54,1
DA:55,1
DA:56,1
DA:57,1
DA:58,1
DA:59,1
DA:62,3
DA:63,3
DA:64,3
DA:65,3
DA:67,2
DA:68,2
DA:70,1
DA:71,1
DA:72,1
DA:73,1
DA:76,2
DA:77,2
DA:78,2
DA:79,2
DA:80,2
DA:82,3
DA:83,1
DA:86,4
DA:87,5
DA:90,1
DA:91,1
DA:93,1
DA:94,1
DA:95,1
DA:97,0
DA:103,0
DA:104,0
DA:105,0
DA:110,1
DA:112,1
DA:115,0
DA:124,1
DA:125,1
DA:126,1
DA:130,1
DA:132,2
DA:133,1
DA:139,1
DA:140,1
DA:142,1
DA:143,2
DA:144,2
DA:145,1
DA:148,1
DA:150,2
DA:152,4
DA:153,2
DA:154,2
DA:155,2
DA:156,1
DA:159,0
DA:165,1
DA:167,2
DA:169,1
DA:170,7
DA:171,2
DA:172,2
DA:173,1
DA:176,0
DA:182,1
DA:184,2
DA:186,3
DA:188,7
DA:189,2
DA:190,4
DA:192,2
DA:193,2
DA:194,1
DA:197,0
DA:205,1
DA:206,2
DA:209,1
DA:210,2
DA:213,1
DA:215,3
DA:216,1
DA:218,2
DA:219,3
DA:220,0
DA:223,1
DA:224,1
DA:225,5
DA:226,1
DA:229,1
DA:230,1
DA:231,1
DA:232,5
DA:235,1
DA:241,1
DA:242,1
DA:243,1
DA:244,1
DA:245,1
DA:246,1
DA:247,3
DA:248,3
DA:249,1
DA:253,1
DA:254,1
DA:255,2
DA:257,2
DA:260,1
DA:266,1
DA:267,2
DA:268,1
LF:118
LH:109
end_of_record
SF:lib/services/mixins/project_mixin.dart
DA:14,2
DA:16,1
DA:17,1
DA:18,3
DA:21,1
DA:22,1
DA:23,1
DA:28,1
DA:37,1
DA:38,1
DA:40,1
DA:42,1
DA:47,2
DA:48,1
DA:51,0
DA:52,0
DA:61,1
DA:63,2
DA:64,2
DA:65,1
DA:68,0
DA:69,0
DA:78,1
DA:80,5
DA:81,2
DA:83,2
DA:84,0
DA:85,0
DA:88,1
DA:91,0
DA:92,0
DA:101,1
DA:103,2
DA:105,1
DA:106,1
DA:108,2
DA:109,2
DA:110,4
DA:113,1
DA:116,0
DA:117,0
DA:128,1
DA:129,2
DA:131,2
DA:132,4
DA:133,2
DA:134,2
DA:135,1
DA:139,1
DA:140,2
DA:142,1
DA:143,5
DA:144,2
DA:145,2
DA:146,1
DA:150,1
DA:151,2
DA:152,2
DA:157,3
DA:158,3
LF:60
LH:50
end_of_record
SF:lib/services/mixins/filter_sort_mixin.dart
DA:24,2
DA:25,2
DA:26,2
DA:27,3
DA:28,2
DA:29,2
DA:30,2
DA:31,2
DA:33,1
DA:34,2
DA:35,1
DA:36,1
DA:37,2
DA:38,1
DA:39,1
DA:41,1
DA:42,2
DA:43,1
DA:46,1
DA:47,1
DA:48,1
DA:51,1
DA:52,1
DA:53,1
DA:56,1
DA:57,2
DA:58,2
DA:60,2
DA:62,1
DA:65,1
DA:66,2
DA:67,1
DA:70,1
DA:71,1
DA:72,1
DA:75,1
DA:76,1
DA:77,1
DA:80,1
DA:81,2
DA:82,2
DA:84,1
DA:85,1
DA:87,1
DA:90,1
DA:91,1
DA:92,1
DA:93,1
DA:94,1
DA:95,1
DA:96,1
DA:97,1
DA:100,1
DA:101,2
DA:103,2
DA:104,2
DA:105,4
DA:106,4
DA:107,4
DA:108,2
DA:109,1
DA:112,1
DA:114,6
DA:117,1
DA:119,6
DA:122,2
DA:124,7
DA:125,1
DA:128,1
DA:130,2
DA:131,4
DA:132,1
DA:135,1
DA:137,2
DA:138,4
DA:139,1
DA:142,2
DA:144,1
DA:145,1
DA:146,3
DA:147,1
DA:148,2
DA:150,1
DA:152,1
DA:153,1
DA:155,3
DA:157,1
DA:158,5
DA:159,1
DA:160,5
DA:162,2
LF:91
LH:91
end_of_record
SF:lib/services/mixins/tag_mixin.dart
DA:13,1
DA:14,2
DA:17,1
DA:18,2
DA:21,1
DA:23,3
DA:24,2
DA:26,2
DA:29,1
DA:31,2
DA:35,1
DA:36,1
DA:37,1
DA:42,2
DA:43,1
DA:46,0
DA:47,0
DA:56,1
DA:58,3
DA:59,1
DA:61,2
DA:63,2
DA:64,4
DA:65,2
DA:66,1
DA:67,6
DA:68,2
DA:73,1
DA:76,0
DA:77,0
DA:86,1
DA:88,2
DA:91,4
DA:92,3
DA:93,7
DA:94,2
DA:98,2
DA:99,2
DA:100,1
DA:103,0
DA:104,0
LF:41
LH:35
end_of_record
SF:lib/services/mixins/task_crud_mixin.dart
DA:15,1
DA:25,1
DA:29,2
DA:31,1
DA:32,1
DA:36,1
DA:37,1
DA:41,1
DA:44,1
DA:48,2
DA:49,1
DA:52,0
DA:53,0
DA:62,1
DA:64,2
DA:65,2
DA:66,1
DA:69,0
DA:70,0
DA:79,1
DA:81,2
DA:82,2
DA:83,1
DA:86,0
DA:87,0
DA:96,1
DA:98,2
DA:99,1
DA:102,0
DA:103,0
DA:114,1
DA:116,2
DA:118,1
DA:119,2
DA:120,1
DA:122,4
DA:123,2
DA:124,1
DA:125,1
DA:128,0
DA:134,1
DA:137,2
DA:139,1
DA:140,5
DA:141,2
DA:142,1
DA:143,1
DA:146,0
DA:147,0
DA:153,1
DA:155,1
DA:157,1
DA:158,1
DA:159,1
DA:160,1
DA:161,1
DA:163,2
DA:165,2
DA:171,1
DA:172,2
DA:173,0
DA:174,1
DA:175,4
DA:176,1
DA:177,1
DA:180,1
DA:181,5
DA:184,1
DA:185,2
DA:186,2
DA:187,2
DA:188,2
DA:193,1
DA:194,2
DA:200,1
DA:202,2
DA:204,1
DA:207,2
DA:209,2
DA:210,1
DA:212,0
DA:215,1
DA:218,2
DA:219,1
DA:222,0
DA:223,0
DA:234,1
DA:235,2
DA:237,1
DA:238,2
DA:239,2
DA:240,1
DA:244,1
DA:245,2
DA:247,1
DA:248,2
DA:249,2
DA:250,1
DA:254,1
DA:255,2
DA:257,1
DA:258,2
DA:259,2
DA:260,1
DA:266,1
DA:267,2
DA:268,1
DA:269,2
DA:270,2
DA:271,2
DA:272,1
DA:276,1
DA:277,2
DA:279,1
DA:280,2
DA:281,2
DA:282,1
DA:288,1
DA:289,2
DA:291,4
DA:292,2
DA:293,2
DA:294,1
DA:298,1
DA:299,2
DA:300,4
DA:303,4
DA:304,2
DA:305,2
DA:306,1
DA:312,1
DA:313,2
DA:316,2
DA:319,1
DA:320,2
DA:321,2
DA:322,1
DA:327,1
DA:328,1
DA:329,2
DA:330,5
DA:331,1
DA:333,2
DA:335,1
DA:336,1
DA:337,1
DA:338,2
DA:339,1
DA:340,2
DA:341,1
DA:344,3
DA:346,4
DA:347,1
DA:348,3
DA:350,5
DA:351,1
DA:357,2
DA:359,1
DA:360,1
DA:361,1
DA:362,1
DA:363,1
DA:366,1
DA:367,2
DA:368,1
DA:369,1
DA:370,2
DA:372,0
DA:373,0
DA:374,1
DA:378,1
DA:379,3
DA:381,2
DA:382,1
DA:386,2
DA:389,1
DA:390,2
DA:393,1
LF:178
LH:161
end_of_record
SF:lib/services/mixins/ritual_mixin.dart
DA:10,1
DA:12,3
DA:13,1
DA:16,0
DA:25,1
DA:28,1
DA:29,1
DA:32,1
DA:35,2
DA:36,1
DA:39,0
DA:40,0
DA:49,1
DA:51,1
DA:52,1
DA:55,0
DA:56,0
DA:65,1
DA:67,2
DA:69,1
DA:70,1
DA:72,1
DA:73,1
DA:75,1
DA:78,0
DA:79,0
DA:88,1
DA:90,2
DA:91,1
DA:94,0
DA:95,0
DA:104,1
DA:106,2
DA:107,1
DA:110,0
DA:111,0
LF:36
LH:25
end_of_record
SF:lib/services/mixins/column_mixin.dart
DA:12,1
DA:14,2
DA:17,2
DA:18,3
DA:20,1
DA:22,1
DA:23,2
DA:24,2
DA:26,0
DA:27,0
DA:30,1
DA:33,0
DA:39,1
DA:41,2
DA:44,3
DA:45,3
DA:46,1
DA:48,1
DA:50,1
DA:51,2
DA:52,2
DA:54,0
DA:55,0
DA:58,1
DA:61,0
DA:67,1
DA:69,2
DA:73,6
DA:74,3
DA:75,3
DA:78,1
DA:80,1
DA:81,2
DA:82,2
DA:84,0
DA:85,0
DA:88,1
DA:91,0
DA:97,1
DA:99,2
DA:102,4
DA:103,1
DA:104,3
DA:105,2
DA:107,2
DA:111,1
DA:113,1
DA:114,2
DA:115,2
DA:117,0
DA:118,0
DA:121,1
DA:124,0
DA:130,1
DA:133,2
DA:135,2
DA:136,3
DA:141,3
DA:142,2
DA:143,2
DA:144,1
LF:61
LH:49
end_of_record
SF:lib/common/constants.dart
DA:2,0
LF:1
LH:0
end_of_record
SF:lib/common/utils.dart
DA:8,2
DA:10,4
DA:11,2
DA:12,1
DA:14,6
DA:15,1
DA:21,5
DA:24,1
DA:25,1
DA:26,1
DA:27,4
DA:31,1
DA:32,2
DA:33,1
DA:34,4
DA:38,1
DA:40,1
DA:42,1
DA:44,1
LF:19
LH:19
end_of_record
SF:lib/services/export_import_service.dart
DA:12,1
DA:19,1
DA:21,5
DA:26,0
DA:31,1
DA:33,1
DA:35,2
DA:36,5
DA:37,5
DA:38,5
DA:39,5
DA:41,1
DA:43,0
DA:50,1
DA:52,5
DA:53,1
DA:54,1
DA:56,1
DA:58,2
DA:59,2
DA:60,4
DA:61,4
DA:63,1
DA:65,0
DA:74,1
DA:77,1
DA:78,1
DA:80,4
DA:81,1
DA:84,1
DA:88,2
DA:89,1
DA:90,3
DA:92,2
DA:93,2
DA:94,2
DA:95,4
DA:96,4
DA:97,4
DA:98,3
DA:99,2
DA:100,2
DA:101,2
DA:102,4
DA:103,1
DA:104,1
DA:107,1
DA:109,0
DA:115,1
DA:116,3
DA:117,2
DA:125,1
DA:130,1
DA:134,1
DA:135,3
DA:136,1
DA:137,1
DA:138,1
DA:139,1
DA:140,1
DA:141,1
DA:142,1
DA:144,1
DA:149,1
DA:150,3
DA:151,1
DA:152,4
DA:153,1
DA:158,1
DA:159,3
DA:160,1
DA:161,1
DA:162,1
DA:163,1
DA:164,1
DA:165,1
DA:166,1
DA:167,1
DA:169,1
DA:174,1
DA:175,3
DA:176,1
DA:177,2
DA:178,1
DA:179,1
DA:183,1
DA:190,0
LF:87
LH:82
end_of_record
SF:lib/widgets/dialogs/task_dialogs.dart
DA:13,0
DA:14,0
DA:15,0
DA:20,0
DA:22,0
DA:23,0
DA:24,0
DA:25,0
DA:27,0
DA:28,0
DA:30,0
DA:32,0
DA:33,0
DA:36,0
DA:37,0
DA:43,0
DA:52,0
DA:55,0
DA:56,0
DA:58,0
DA:59,0
DA:60,0
DA:63,0
DA:64,0
DA:69,0
DA:73,0
DA:74,0
DA:75,0
DA:81,0
DA:84,0
DA:86,0
DA:93,0
DA:96,0
DA:97,0
DA:98,0
DA:99,0
DA:100,0
DA:102,0
DA:104,0
DA:105,0
DA:107,0
DA:109,0
DA:114,0
DA:120,0
DA:121,0
DA:122,0
DA:125,0
DA:126,0
DA:127,0
DA:128,0
DA:129,0
DA:130,0
DA:131,0
DA:134,0
DA:137,0
DA:146,0
DA:147,0
DA:148,0
DA:153,0
DA:154,0
DA:156,0
DA:157,0
DA:158,0
DA:159,0
DA:161,0
DA:162,0
DA:163,0
DA:164,0
DA:165,0
DA:170,0
DA:171,0
DA:172,0
DA:174,0
DA:175,0
DA:176,0
DA:179,0
DA:185,0
DA:188,0
DA:189,0
DA:192,0
DA:193,0
DA:194,0
DA:195,0
DA:201,0
DA:202,0
DA:203,0
DA:204,0
DA:205,0
DA:206,0
DA:207,0
DA:208,0
DA:210,0
DA:211,0
DA:212,0
DA:214,0
DA:215,0
DA:217,0
DA:218,0
DA:222,0
DA:223,0
DA:224,0
DA:226,0
DA:228,0
DA:237,0
DA:238,0
DA:239,0
DA:244,0
DA:246,0
DA:247,0
DA:251,0
DA:255,0
DA:256,0
DA:259,0
DA:265,0
DA:266,0
DA:267,0
DA:270,0
DA:271,0
DA:272,0
DA:273,0
DA:284,0
DA:285,0
DA:286,0
DA:287,0
DA:288,0
DA:289,0
DA:292,0
DA:293,0
DA:295,0
DA:296,0
DA:297,0
DA:299,0
DA:301,0
DA:303,0
DA:307,0
DA:314,0
DA:316,0
DA:318,0
DA:319,0
DA:321,0
DA:322,0
DA:323,0
DA:324,0
DA:325,0
DA:326,0
DA:327,0
DA:328,0
DA:330,0
DA:331,0
DA:332,0
DA:333,0
DA:335,0
DA:337,0
DA:338,0
DA:339,0
DA:340,0
DA:341,0
DA:343,0
DA:345,0
DA:346,0
DA:349,0
DA:350,0
DA:355,0
DA:364,0
DA:367,0
DA:368,0
DA:370,0
DA:372,0
DA:373,0
DA:374,0
DA:380,0
DA:383,0
DA:384,0
DA:386,0
DA:388,0
DA:389,0
DA:390,0
DA:396,0
DA:399,0
DA:401,0
DA:408,0
DA:411,0
DA:412,0
DA:413,0
DA:414,0
DA:415,0
DA:417,0
DA:419,0
DA:420,0
DA:422,0
DA:424,0
DA:429,0
DA:432,0
DA:433,0
DA:437,0
DA:438,0
DA:439,0
DA:442,0
DA:443,0
DA:444,0
DA:446,0
DA:447,0
DA:448,0
DA:449,0
DA:452,0
DA:456,0
DA:461,0
DA:467,0
DA:468,0
DA:469,0
DA:470,0
DA:473,0
DA:476,0
DA:477,0
DA:478,0
DA:486,0
DA:490,0
DA:492,0
DA:494,0
DA:495,0
DA:496,0
DA:497,0
DA:499,0
DA:500,0
DA:501,0
DA:502,0
DA:504,0
DA:505,0
DA:507,0
DA:508,0
DA:518,0
DA:519,0
DA:523,0
DA:524,0
DA:525,0
DA:526,0
DA:527,0
DA:528,0
DA:530,0
DA:531,0
DA:532,0
DA:535,0
DA:536,0
DA:538,0
DA:545,0
DA:547,0
DA:548,0
DA:549,0
DA:555,0
DA:556,0
DA:557,0
DA:558,0
DA:564,0
DA:565,0
DA:566,0
DA:567,0
DA:568,0
DA:573,0
DA:575,0
DA:576,0
DA:577,0
DA:578,0
DA:579,0
DA:580,0
DA:587,0
DA:588,0
DA:592,0
DA:593,0
DA:594,0
DA:595,0
DA:596,0
DA:606,0
DA:607,0
DA:609,0
DA:612,0
DA:620,0
DA:621,0
DA:633,0
DA:634,0
DA:638,0
DA:639,0
DA:640,0
DA:646,0
DA:649,0
DA:650,0
DA:652,0
DA:653,0
DA:654,0
DA:655,0
DA:657,0
DA:663,0
DA:664,0
DA:665,0
DA:666,0
DA:670,0
DA:671,0
DA:675,0
DA:677,0
DA:678,0
DA:679,0
DA:682,0
DA:684,0
DA:691,0
DA:692,0
DA:693,0
DA:696,0
DA:697,0
DA:698,0
DA:699,0
DA:700,0
DA:701,0
DA:703,0
DA:704,0
DA:705,0
DA:706,0
DA:707,0
DA:709,0
DA:710,0
DA:712,0
DA:713,0
DA:714,0
DA:716,0
DA:717,0
DA:726,0
DA:727,0
DA:728,0
DA:729,0
DA:730,0
DA:731,0
DA:736,0
DA:737,0
DA:739,0
DA:741,0
DA:742,0
DA:745,0
DA:746,0
DA:747,0
DA:750,0
DA:753,0
DA:754,0
DA:755,0
DA:758,0
DA:761,0
DA:762,0
DA:763,0
DA:764,0
DA:765,0
DA:766,0
DA:767,0
DA:769,0
DA:771,0
DA:782,0
DA:787,0
DA:788,0
DA:789,0
DA:790,0
DA:791,0
DA:792,0
DA:794,0
DA:795,0
DA:796,0
DA:799,0
DA:802,0
DA:807,0
DA:808,0
DA:809,0
DA:817,0
DA:820,0
DA:827,0
DA:828,0
DA:829,0
DA:831,0
DA:833,0
DA:835,0
DA:837,0
DA:839,0
DA:840,0
DA:841,0
DA:842,0
DA:844,0
DA:845,0
DA:848,0
DA:849,0
DA:853,0
DA:854,0
DA:860,0
DA:861,0
DA:862,0
DA:868,0
DA:869,0
DA:870,0
LF:391
LH:0
end_of_record
SF:lib/widgets/dialogs/tag_dialogs.dart
DA:26,0
DA:27,0
DA:29,0
DA:34,1
DA:36,0
DA:37,0
DA:41,0
DA:43,0
DA:44,0
DA:46,0
DA:49,0
DA:50,0
DA:51,0
DA:58,0
DA:60,0
DA:61,0
DA:62,0
DA:64,0
DA:67,0
DA:71,0
DA:73,0
DA:81,0
DA:83,0
DA:84,0
DA:85,0
DA:86,0
DA:87,0
DA:88,0
DA:91,0
DA:96,0
DA:97,0
DA:99,0
DA:100,0
DA:102,0
DA:103,0
DA:105,0
DA:106,0
DA:109,0
DA:111,0
DA:119,0
DA:120,0
DA:121,0
DA:128,0
DA:129,0
DA:130,0
DA:132,0
DA:134,0
DA:135,0
DA:137,0
DA:140,0
DA:141,0
DA:149,0
DA:152,0
DA:153,0
DA:154,0
DA:155,0
DA:156,0
DA:158,0
DA:161,0
DA:162,0
DA:165,0
DA:168,0
DA:169,0
DA:170,0
DA:184,0
DA:188,0
DA:189,0
DA:190,0
DA:193,0
DA:194,0
DA:195,0
DA:196,0
DA:197,0
DA:198,0
DA:202,0
DA:203,0
DA:205,0
DA:206,0
DA:222,0
DA:227,0
DA:228,0
DA:230,0
DA:232,0
DA:233,0
DA:235,0
DA:238,0
DA:239,0
DA:247,0
DA:250,0
DA:251,0
DA:252,0
DA:253,0
DA:254,0
DA:256,0
DA:259,0
DA:260,0
DA:263,0
DA:266,0
DA:267,0
DA:268,0
DA:282,0
DA:286,0
DA:287,0
DA:288,0
DA:291,0
DA:292,0
DA:293,0
DA:294,0
DA:295,0
DA:296,0
DA:299,0
DA:300,0
DA:301,0
DA:313,0
DA:314,0
DA:316,0
DA:318,0
DA:319,0
DA:321,0
DA:322,0
DA:323,0
DA:326,0
DA:327,0
DA:328,0
DA:329,0
DA:331,0
LF:126
LH:1
end_of_record
SF:lib/widgets/dialogs/project_dialogs.dart
DA:9,0
DA:10,0
DA:11,0
DA:12,0
DA:28,0
DA:30,0
DA:31,0
DA:33,0
DA:34,0
DA:37,0
DA:38,0
DA:45,0
DA:47,0
DA:48,0
DA:49,0
DA:50,0
DA:52,0
DA:53,0
DA:57,0
DA:62,0
DA:73,0
DA:86,0
DA:89,0
DA:90,0
DA:98,0
DA:99,0
DA:100,0
DA:103,0
DA:104,0
DA:105,0
DA:106,0
DA:107,0
DA:108,0
DA:109,0
DA:110,0
DA:111,0
DA:115,0
DA:127,0
DA:128,0
DA:130,0
DA:132,0
DA:134,0
DA:135,0
DA:138,0
DA:139,0
DA:140,0
DA:143,0
DA:144,0
DA:147,0
DA:148,0
DA:149,0
DA:150,0
DA:154,0
DA:157,0
DA:158,0
DA:159,0
DA:162,0
DA:168,0
DA:169,0
DA:170,0
DA:179,0
DA:180,0
DA:182,0
DA:184,0
DA:185,0
DA:188,0
DA:189,0
DA:190,0
DA:193,0
DA:196,0
DA:197,0
DA:198,0
DA:201,0
DA:208,0
DA:209,0
DA:210,0
DA:219,0
DA:221,0
DA:223,0
DA:225,0
DA:226,0
DA:241,0
DA:243,0
DA:244,0
DA:246,0
DA:247,0
DA:250,0
DA:251,0
DA:256,0
DA:266,0
DA:279,0
DA:282,0
DA:283,0
DA:291,0
DA:292,0
DA:293,0
DA:296,0
DA:297,0
DA:298,0
DA:299,0
DA:300,0
DA:301,0
DA:302,0
DA:303,0
DA:304,0
DA:305,0
DA:306,0
DA:318,0
DA:320,0
DA:322,0
DA:324,0
DA:326,0
DA:327,0
DA:328,0
DA:331,0
DA:332,0
DA:333,0
DA:336,0
DA:337,0
DA:338,0
DA:339,0
DA:341,0
LF:122
LH:0
end_of_record
SF:lib/widgets/dialogs/board_dialogs.dart
DA:8,0
DA:9,0
DA:12,0
DA:14,0
DA:15,0
DA:17,0
DA:20,0
DA:21,0
DA:30,0
DA:32,0
DA:33,0
DA:35,0
DA:36,0
DA:37,0
DA:39,0
DA:41,0
DA:42,0
DA:43,0
DA:45,0
DA:47,0
DA:48,0
DA:49,0
DA:55,0
DA:56,0
DA:57,0
DA:60,0
DA:61,0
DA:62,0
DA:64,0
DA:68,0
DA:69,0
DA:70,0
DA:71,0
DA:72,0
DA:73,0
DA:75,0
DA:76,0
DA:79,0
DA:80,0
DA:87,0
DA:90,0
DA:91,0
DA:93,0
DA:95,0
DA:97,0
DA:102,0
DA:103,0
DA:104,0
DA:107,0
DA:108,0
DA:109,0
DA:110,0
DA:111,0
DA:112,0
DA:118,0
DA:121,0
DA:122,0
DA:123,0
DA:129,0
DA:131,0
DA:134,0
DA:135,0
DA:136,0
DA:137,0
DA:140,0
DA:141,0
DA:142,0
DA:143,0
DA:144,0
LF:69
LH:0
end_of_record
SF:lib/widgets/common/search_filter_bar.dart
DA:8,1
DA:10,0
DA:11,0
DA:18,0
DA:20,0
DA:21,0
DA:24,0
DA:26,0
DA:27,0
DA:29,0
DA:31,0
DA:32,0
DA:33,0
DA:34,0
DA:35,0
DA:36,0
DA:37,0
DA:40,0
DA:41,0
DA:43,0
DA:44,0
DA:45,0
DA:54,0
DA:55,0
DA:56,0
DA:58,0
DA:59,0
DA:60,0
DA:63,0
DA:67,0
DA:69,0
DA:70,0
DA:71,0
DA:73,0
DA:74,0
DA:75,0
DA:83,0
DA:85,0
DA:91,0
DA:92,0
DA:94,0
DA:95,0
DA:96,0
DA:98,0
DA:100,0
DA:101,0
DA:102,0
DA:108,0
DA:109,0
DA:110,0
DA:111,0
DA:112,0
DA:119,0
DA:122,0
DA:123,0
DA:124,0
DA:125,0
DA:129,0
DA:131,0
DA:137,0
DA:138,0
DA:139,0
DA:142,0
DA:147,0
DA:149,0
DA:152,0
DA:156,0
DA:157,0
DA:158,0
DA:161,0
DA:166,0
DA:168,0
DA:170,0
DA:171,0
DA:174,0
DA:175,0
DA:180,0
DA:185,0
DA:189,0
DA:190,0
DA:191,0
DA:212,0
DA:213,0
DA:218,0
DA:219,0
DA:222,0
DA:223,0
DA:225,0
DA:227,0
DA:228,0
DA:229,0
DA:231,0
DA:232,0
DA:233,0
DA:234,0
DA:244,0
DA:247,0
DA:248,0
DA:249,0
DA:250,0
DA:251,0
DA:253,0
DA:255,0
DA:257,0
DA:263,0
DA:264,0
DA:265,0
DA:268,0
DA:270,0
DA:271,0
DA:272,0
DA:273,0
DA:274,0
DA:277,0
DA:280,0
DA:281,0
DA:282,0
DA:283,0
DA:284,0
DA:288,0
DA:290,0
DA:291,0
DA:292,0
DA:298,0
DA:299,0
DA:300,0
DA:302,0
DA:306,0
DA:307,0
DA:310,0
DA:312,0
DA:313,0
DA:314,0
DA:315,0
DA:316,0
DA:320,0
DA:322,0
DA:323,0
DA:324,0
DA:328,0
DA:330,0
DA:331,0
DA:332,0
LF:143
LH:1
end_of_record
SF:lib/models/tag.g.dart
DA:13,1
DA:15,1
DA:16,1
DA:17,5
DA:19,1
DA:20,1
DA:21,1
DA:22,1
DA:23,1
DA:27,1
DA:30,1
DA:31,1
DA:32,2
DA:33,1
DA:34,2
DA:35,1
DA:36,2
DA:37,1
DA:38,2
DA:41,1
DA:42,2
DA:44,1
DA:47,1
DA:48,3
DA:49,3
LF:25
LH:25
end_of_record
SF:lib/models/tag.dart
DA:21,1
DA:27,2
DA:28,1
DA:30,3
DA:31,1
DA:33,2
DA:34,1
DA:36,2
DA:37,1
DA:41,1
DA:47,1
DA:48,1
DA:49,0
DA:50,1
DA:51,1
LF:15
LH:14
end_of_record
SF:lib/common/performance_monitor.dart
DA:7,0
DA:9,3
DA:12,1
DA:13,0
DA:15,2
DA:16,1
DA:17,1
DA:19,2
DA:24,1
DA:26,0
DA:28,2
DA:29,1
DA:30,1
DA:32,2
DA:36,1
DA:37,2
DA:38,2
DA:39,2
DA:40,2
DA:41,1
DA:43,2
DA:44,1
DA:48,1
DA:49,0
DA:50,0
DA:57,1
DA:58,2
DA:60,1
DA:61,3
DA:62,2
DA:63,5
DA:65,2
DA:66,1
DA:67,5
DA:68,2
DA:69,1
DA:70,1
DA:71,2
DA:72,3
DA:73,3
DA:74,3
DA:77,1
DA:79,2
DA:83,1
DA:84,2
LF:45
LH:40
end_of_record
SF:lib/common/validators.dart
DA:2,1
DA:3,1
DA:4,1
DA:5,1
DA:9,1
DA:10,2
DA:11,1
DA:12,1
DA:18,1
DA:19,1
DA:20,1
DA:21,1
DA:25,1
DA:26,1
DA:30,1
DA:34,1
DA:35,1
DA:36,4
DA:40,1
DA:41,1
DA:42,5
DA:43,1
DA:44,2
DA:45,6
DA:47,6
LF:25
LH:25
end_of_record
SF:lib/models/ritual.g.dart
DA:13,1
DA:15,1
DA:16,1
DA:17,5
DA:19,1
DA:20,1
DA:21,1
DA:22,1
DA:23,1
DA:24,1
DA:25,1
DA:26,1
DA:27,1
DA:28,1
DA:32,1
DA:35,1
DA:36,1
DA:37,2
DA:38,1
DA:39,2
DA:40,1
DA:41,2
DA:42,1
DA:43,2
DA:44,1
DA:45,2
DA:46,1
DA:47,2
DA:48,1
DA:49,2
DA:50,1
DA:51,2
DA:52,1
DA:53,2
DA:56,1
DA:57,2
DA:59,1
DA:62,1
DA:63,3
DA:64,3
DA:71,1
DA:73,1
DA:74,1
DA:76,1
DA:78,1
DA:85,1
DA:88,1
DA:89,1
DA:91,1
DA:92,1
DA:94,1
DA:95,1
DA:100,1
DA:101,2
DA:103,1
DA:106,1
DA:107,3
DA:108,3
LF:58
LH:58
end_of_record
SF:lib/models/ritual.dart
DA:36,1
DA:47,2
DA:48,1
DA:50,3
DA:51,1
DA:55,1
DA:56,1
DA:57,2
DA:58,2
DA:59,1
DA:62,1
DA:63,1
DA:64,2
DA:68,1
DA:69,1
DA:70,3
DA:71,3
DA:72,3
DA:74,1
DA:76,1
DA:77,1
DA:78,4
DA:80,1
DA:82,3
DA:87,1
DA:89,1
DA:92,0
DA:94,1
DA:95,1
DA:99,1
DA:100,2
DA:101,3
DA:102,5
DA:105,1
DA:116,1
DA:117,1
DA:118,0
DA:119,1
DA:120,1
DA:121,1
DA:122,1
DA:123,1
DA:124,1
DA:125,1
LF:44
LH:42
end_of_record
SF:lib/repositories/hive_repository.dart
DA:12,1
DA:14,3
DA:15,4
DA:16,3
DA:21,1
DA:22,4
DA:23,4
DA:24,1
DA:28,1
DA:29,2
DA:30,3
DA:31,3
DA:35,3
DA:37,1
DA:38,1
DA:40,4
DA:41,2
DA:42,2
DA:46,0
DA:47,0
DA:48,0
DA:56,1
DA:58,4
DA:59,2
DA:60,2
DA:63,0
DA:64,0
DA:65,0
DA:73,1
DA:74,2
DA:75,4
DA:76,3
DA:77,1
DA:78,2
DA:79,2
DA:80,2
DA:84,1
DA:85,4
DA:88,1
DA:90,3
LF:40
LH:34
end_of_record
SF:lib/repositories/project_repository.dart
DA:5,2
DA:7,1
DA:8,1
DA:10,4
DA:11,4
LF:5
LH:5
end_of_record
SF:lib/repositories/ritual_repository.dart
DA:5,2
DA:7,1
DA:8,1
LF:3
LH:3
end_of_record
SF:lib/repositories/tag_repository.dart
DA:8,2
DA:10,1
DA:11,1
DA:13,1
DA:15,1
DA:16,1
DA:19,1
DA:20,2
DA:21,2
DA:22,6
DA:27,1
DA:28,3
DA:29,3
DA:34,1
DA:37,2
DA:39,4
DA:42,1
DA:43,6
DA:47,1
DA:49,1
DA:51,4
DA:53,1
DA:57,1
DA:58,2
DA:59,2
DA:60,4
DA:61,5
DA:65,1
DA:66,2
DA:68,2
DA:69,1
DA:70,2
LF:32
LH:32
end_of_record
SF:lib/repositories/task_repository.dart
DA:8,2
DA:10,1
DA:11,1
DA:13,1
DA:15,1
DA:16,1
DA:19,1
DA:20,2
DA:21,2
DA:22,1
DA:23,5
DA:28,1
DA:29,3
DA:30,3
DA:35,1
DA:38,2
DA:41,4
DA:45,1
DA:48,1
DA:49,5
DA:55,0
DA:61,1
DA:63,1
DA:65,1
DA:66,3
DA:68,1
DA:71,1
DA:73,2
DA:74,4
DA:75,3
DA:76,1
DA:77,2
DA:78,1
DA:80,1
DA:81,3
DA:84,1
DA:88,1
DA:90,2
DA:91,2
DA:92,4
DA:96,1
DA:97,2
DA:98,2
DA:99,6
DA:100,1
LF:45
LH:44
end_of_record
SF:lib/server/agnos.dart
DA:21,1
DA:31,1
DA:33,2
DA:34,2
DA:35,2
DA:41,1
DA:42,1
DA:45,1
DA:46,1
DA:47,3
DA:48,1
DA:49,2
DA:55,1
DA:56,2
DA:57,1
DA:65,1
DA:67,2
DA:68,2
DA:69,2
DA:70,4
DA:71,1
DA:74,2
DA:75,2
DA:79,0
DA:85,1
DA:86,2
DA:87,1
DA:89,2
DA:92,2
DA:93,4
DA:94,1
DA:95,1
DA:96,2
DA:98,0
DA:100,1
DA:103,1
DA:104,1
DA:105,2
DA:107,0
DA:111,0
DA:112,0
DA:115,0
DA:116,0
DA:117,0
DA:118,0
DA:119,0
DA:121,0
DA:124,0
DA:126,0
DA:127,0
DA:129,0
DA:130,0
DA:131,0
DA:135,0
DA:142,1
DA:143,1
DA:146,1
DA:147,1
DA:151,1
DA:153,1
DA:154,1
DA:158,1
DA:160,1
DA:163,1
DA:165,1
DA:168,1
DA:175,1
DA:178,1
DA:180,1
DA:181,1
DA:182,1
DA:186,1
DA:187,1
DA:189,1
DA:191,1
DA:193,1
DA:195,1
DA:196,1
DA:198,1
DA:201,1
DA:204,1
DA:207,1
DA:209,1
DA:210,1
DA:211,1
DA:212,1
DA:213,1
DA:215,1
DA:217,1
DA:219,1
DA:221,1
DA:222,1
DA:224,1
DA:227,1
DA:230,1
DA:233,1
DA:235,1
DA:236,1
DA:243,1
DA:247,1
DA:249,1
DA:250,1
DA:252,1
DA:258,1
DA:262,1
DA:264,1
DA:269,1
DA:270,1
DA:271,3
DA:272,1
DA:273,2
DA:274,1
DA:277,1
DA:278,1
DA:280,1
DA:285,1
DA:287,2
DA:288,1
DA:289,3
DA:292,0
DA:293,0
DA:297,0
DA:306,1
DA:312,1
DA:315,1
DA:316,1
DA:317,3
DA:318,1
DA:319,2
DA:320,1
DA:321,1
DA:322,1
DA:323,1
DA:324,4
DA:325,1
DA:328,1
DA:330,0
DA:335,1
DA:336,1
DA:337,2
LF:140
LH:118
end_of_record
SF:lib/server/api.dart
DA:16,1
DA:24,1
DA:29,2
DA:30,1
DA:31,2
DA:33,3
DA:34,1
DA:35,1
DA:36,1
DA:44,2
DA:46,1
DA:47,2
DA:56,1
DA:57,2
DA:62,1
DA:63,2
DA:74,2
DA:75,2
DA:77,3
DA:79,5
DA:82,3
DA:84,4
DA:85,1
DA:86,1
DA:87,2
DA:90,6
DA:93,3
DA:95,4
DA:96,1
DA:97,1
DA:98,2
DA:101,6
DA:104,3
DA:106,2
DA:109,5
DA:110,3
DA:112,4
DA:116,2
DA:117,1
DA:118,1
DA:120,1
DA:121,2
DA:122,1
DA:123,2
DA:126,1
DA:127,1
DA:128,1
DA:133,1
DA:135,1
DA:136,1
DA:140,1
DA:141,1
DA:142,1
DA:143,3
DA:144,1
DA:146,1
DA:147,3
DA:148,1
DA:152,1
DA:153,2
DA:156,1
DA:159,1
DA:166,1
DA:167,1
DA:168,3
DA:169,1
DA:170,1
DA:174,1
DA:176,1
DA:180,2
DA:183,3
DA:186,2
DA:187,1
DA:189,1
DA:190,2
DA:193,1
DA:194,0
DA:196,1
DA:197,1
DA:198,2
DA:199,1
DA:200,2
DA:203,1
DA:205,1
DA:206,2
DA:208,1
DA:209,5
DA:210,1
DA:211,1
DA:212,2
DA:214,2
DA:216,1
DA:217,5
DA:218,1
DA:219,1
DA:220,2
DA:222,2
DA:224,1
DA:225,2
DA:226,2
DA:229,1
DA:230,2
DA:231,1
DA:232,3
DA:233,1
DA:234,0
DA:237,2
DA:238,1
DA:240,1
DA:247,3
DA:250,2
DA:251,1
DA:253,1
DA:254,2
DA:258,2
DA:259,2
DA:260,6
DA:261,2
DA:265,1
DA:267,1
DA:273,1
DA:278,2
DA:279,2
DA:282,4
DA:284,4
DA:287,5
DA:288,4
DA:292,2
DA:293,1
DA:294,0
DA:296,1
DA:297,2
DA:298,1
DA:299,2
DA:302,1
DA:303,2
DA:304,1
DA:305,2
DA:309,2
DA:310,1
DA:311,1
DA:312,1
DA:313,2
DA:320,1
DA:321,1
DA:323,1
DA:327,1
DA:329,1
DA:330,1
DA:333,1
DA:335,1
DA:339,1
DA:342,1
DA:343,2
DA:346,1
DA:347,1
DA:348,1
DA:350,1
DA:351,2
DA:354,1
DA:355,0
DA:357,1
DA:358,1
DA:359,2
DA:360,1
DA:361,2
DA:364,1
DA:366,1
DA:367,2
DA:369,1
DA:370,2
DA:372,1
DA:373,2
DA:375,1
DA:376,2
DA:379,2
DA:380,1
DA:382,1
DA:389,3
DA:392,1
DA:393,1
DA:394,1
DA:396,1
DA:397,2
DA:402,6
DA:403,2
DA:404,2
DA:407,1
DA:409,1
DA:415,1
DA:420,2
DA:421,2
DA:424,2
DA:425,1
DA:428,3
DA:430,4
DA:431,1
DA:432,1
DA:433,2
DA:436,6
DA:439,1
DA:440,4
DA:444,2
DA:445,1
DA:446,0
DA:448,1
DA:449,2
DA:450,1
DA:451,2
DA:454,1
DA:455,1
DA:456,1
DA:457,3
DA:458,0
DA:461,1
DA:464,1
DA:465,1
DA:469,1
DA:471,1
DA:475,1
DA:478,1
DA:479,2
DA:482,1
DA:483,1
DA:484,1
DA:486,1
DA:487,2
DA:490,1
DA:491,0
DA:493,1
DA:494,1
DA:495,2
DA:496,1
DA:497,2
DA:500,1
DA:502,1
DA:503,2
DA:505,1
DA:507,5
DA:508,3
DA:511,1
DA:513,1
DA:520,3
DA:523,1
DA:524,1
DA:525,1
DA:527,1
DA:528,2
DA:531,1
DA:533,1
DA:539,1
DA:542,1
DA:543,1
DA:544,1
DA:546,1
DA:547,2
DA:550,1
DA:551,2
DA:552,2
DA:553,1
DA:555,1
DA:561,3
DA:566,2
DA:567,2
DA:568,1
DA:569,1
DA:571,1
DA:572,1
DA:578,2
DA:579,7
DA:580,3
DA:581,4
DA:583,3
DA:584,3
DA:585,4
DA:586,4
DA:587,4
DA:588,1
DA:592,4
DA:593,1
DA:596,4
DA:597,1
DA:601,1
DA:602,2
DA:603,1
DA:619,1
DA:621,1
DA:622,1
DA:628,2
DA:629,2
LF:290
LH:283
end_of_record
SF:lib/server/serializers.dart
DA:7,2
DA:8,1
DA:9,1
DA:10,1
DA:11,2
DA:12,2
DA:13,3
DA:14,3
DA:15,3
DA:16,1
DA:17,1
DA:18,1
DA:19,1
DA:20,1
DA:21,3
DA:22,1
DA:23,1
DA:24,1
DA:25,1
DA:26,1
DA:30,2
DA:31,1
DA:32,1
DA:33,1
DA:34,1
DA:35,1
DA:36,2
DA:40,2
DA:41,1
DA:42,1
DA:43,1
DA:44,3
DA:45,1
DA:46,1
DA:47,3
DA:51,2
DA:52,1
DA:53,1
DA:54,1
DA:55,1
DA:56,3
DA:57,3
DA:58,1
DA:59,1
DA:60,1
DA:61,1
DA:62,3
DA:63,1
DA:67,2
DA:68,1
DA:69,1
DA:70,1
DA:71,1
DA:72,3
DA:73,3
DA:74,1
DA:75,2
LF:57
LH:57
end_of_record
SF:lib/server/auth.dart
DA:10,1
DA:11,1
DA:12,1
DA:14,4
DA:15,1
DA:16,1
DA:19,2
DA:21,2
DA:22,1
DA:23,1
DA:24,1
DA:25,1
DA:28,1
DA:29,1
DA:30,1
DA:31,2
DA:32,1
DA:35,1
DA:41,1
DA:42,3
DA:44,3
DA:45,4
DA:47,1
LF:23
LH:23
end_of_record
SF:lib/services/sync_service.dart
DA:14,1
DA:15,1
DA:16,1
DA:17,1
DA:18,1
DA:19,1
DA:20,5
DA:21,1
DA:23,1
DA:24,5
DA:25,1
DA:27,2
DA:28,1
DA:29,2
DA:31,1
DA:32,3
DA:33,1
DA:34,1
DA:35,2
DA:36,2
DA:37,3
DA:38,3
DA:39,1
DA:40,1
DA:41,1
DA:42,3
DA:46,1
DA:47,1
DA:48,1
DA:50,1
DA:51,1
DA:52,4
DA:53,4
DA:54,2
DA:55,2
DA:56,1
DA:57,1
DA:58,1
DA:59,2
DA:60,1
DA:61,1
DA:62,1
DA:63,1
DA:64,1
DA:65,1
DA:71,1
DA:73,1
DA:75,2
DA:77,3
DA:79,1
DA:80,1
DA:81,1
DA:82,3
DA:83,1
DA:84,1
DA:85,1
DA:86,4
DA:87,0
DA:90,1
DA:91,1
DA:92,1
DA:93,1
DA:94,1
DA:95,2
DA:96,3
DA:97,1
DA:98,0
DA:100,1
DA:103,1
DA:104,1
DA:105,1
DA:106,1
DA:107,1
DA:108,2
DA:109,1
DA:110,1
DA:111,1
DA:112,1
DA:113,1
DA:114,2
DA:115,2
DA:116,3
DA:117,1
DA:119,1
DA:123,1
DA:124,1
DA:125,1
DA:127,1
DA:128,1
DA:129,1
DA:130,2
DA:131,1
DA:132,1
DA:133,1
DA:134,1
DA:135,2
DA:136,1
DA:137,1
DA:138,4
DA:139,1
DA:140,1
DA:141,1
DA:142,2
DA:143,1
DA:144,1
DA:145,4
DA:146,1
DA:147,1
DA:148,1
DA:149,1
DA:150,1
DA:151,2
DA:152,1
DA:153,1
DA:154,1
DA:160,1
DA:161,1
DA:162,1
DA:163,1
DA:164,1
DA:165,1
DA:166,2
DA:167,1
DA:168,2
DA:170,1
DA:171,2
DA:173,1
DA:174,1
DA:175,5
DA:176,1
DA:181,1
DA:182,1
DA:183,1
DA:185,1
DA:186,1
DA:187,1
DA:188,2
DA:189,2
DA:190,2
DA:191,1
DA:192,4
DA:198,1
DA:199,1
DA:200,1
DA:201,1
DA:202,1
DA:203,1
DA:207,1
DA:208,1
DA:209,1
DA:211,1
DA:212,1
DA:213,1
DA:237,1
DA:239,1
DA:240,2
DA:253,1
DA:297,0
DA:298,0
DA:299,0
DA:300,0
DA:301,0
DA:302,0
DA:303,0
DA:304,0
DA:305,0
DA:306,0
DA:307,0
DA:308,0
DA:310,0
DA:312,0
DA:313,0
DA:314,0
DA:315,0
DA:316,0
DA:319,0
DA:320,0
DA:321,0
DA:323,0
DA:327,0
DA:328,0
DA:329,0
DA:330,0
DA:331,0
DA:332,0
DA:333,0
DA:334,0
DA:335,0
DA:339,0
DA:342,0
DA:343,0
DA:344,0
DA:345,0
DA:350,0
DA:361,0
DA:363,0
DA:367,0
DA:369,0
DA:370,0
DA:372,0
DA:376,0
DA:378,0
DA:382,0
DA:384,0
DA:385,0
DA:387,0
DA:391,0
DA:392,0
DA:393,0
DA:394,0
DA:395,0
DA:396,0
DA:397,0
DA:401,0
DA:402,0
DA:403,0
DA:404,0
DA:406,0
DA:407,0
DA:408,0
DA:409,0
DA:411,0
DA:412,0
DA:414,0
DA:417,0
DA:418,0
DA:419,0
DA:421,0
DA:425,0
DA:426,0
DA:427,0
DA:430,0
DA:431,0
DA:432,0
DA:433,0
DA:435,0
DA:440,0
DA:449,0
DA:451,0
DA:452,0
DA:453,0
DA:457,0
DA:459,0
DA:460,0
DA:461,0
DA:465,0
DA:466,0
DA:467,0
DA:472,0
DA:473,0
DA:477,0
DA:478,0
DA:479,0
DA:486,0
DA:487,0
DA:488,0
DA:489,0
DA:491,0
DA:492,0
DA:500,0
DA:501,0
DA:502,0
DA:505,0
DA:507,0
DA:514,0
DA:516,0
DA:517,0
DA:519,0
DA:521,0
DA:522,0
DA:524,0
DA:526,0
DA:540,0
DA:545,0
DA:546,0
DA:547,0
DA:549,0
DA:553,0
DA:561,0
DA:565,0
DA:570,0
DA:571,0
DA:574,0
DA:575,0
DA:576,0
DA:581,0
DA:582,0
DA:583,0
DA:588,0
DA:589,0
DA:590,0
DA:593,0
DA:597,0
DA:598,0
DA:599,0
DA:603,0
DA:604,0
DA:605,0
DA:606,0
DA:610,0
DA:612,0
DA:613,0
DA:614,0
DA:615,0
DA:619,0
DA:620,0
DA:621,0
DA:630,0
DA:631,0
DA:633,0
DA:639,0
DA:641,0
DA:642,0
DA:643,0
DA:644,0
DA:646,0
DA:650,0
DA:651,0
DA:661,0
DA:662,0
DA:663,0
DA:666,0
DA:668,0
DA:675,0
DA:677,0
DA:678,0
DA:680,0
DA:682,0
DA:683,0
DA:685,0
DA:687,0
DA:701,0
DA:706,0
DA:707,0
DA:708,0
DA:710,0
DA:714,0
DA:722,0
DA:726,0
DA:731,0
DA:732,0
DA:735,0
DA:736,0
DA:737,0
DA:742,0
DA:743,0
DA:744,0
DA:749,0
DA:750,0
DA:751,0
DA:753,0
DA:755,0
DA:756,0
DA:757,0
DA:760,0
DA:761,0
DA:762,0
DA:763,0
DA:766,0
DA:768,0
DA:769,0
DA:770,0
DA:771,0
DA:775,0
DA:776,0
DA:777,0
DA:784,0
DA:785,0
DA:787,0
DA:793,0
DA:795,0
DA:796,0
DA:797,0
DA:798,0
DA:800,0
DA:804,0
DA:805,0
DA:815,0
DA:816,0
DA:817,0
DA:820,0
DA:822,0
DA:829,0
DA:831,0
DA:832,0
DA:834,0
DA:836,0
DA:837,0
DA:839,0
DA:841,0
DA:855,0
DA:860,0
DA:861,0
DA:862,0
DA:864,0
DA:868,0
DA:876,0
DA:880,0
DA:885,0
DA:886,0
DA:889,0
DA:890,0
DA:891,0
DA:896,0
DA:897,0
DA:898,0
DA:903,0
DA:904,0
DA:905,0
DA:907,0
DA:908,0
DA:910,0
DA:911,0
DA:912,0
DA:913,0
DA:919,0
DA:921,0
DA:922,0
DA:923,0
DA:924,0
DA:926,0
DA:930,0
DA:931,0
DA:941,0
DA:942,0
DA:943,0
DA:945,0
DA:946,0
DA:947,0
DA:950,0
DA:951,0
DA:952,0
DA:953,0
DA:958,0
DA:960,0
DA:962,0
DA:964,0
DA:967,0
DA:968,0
DA:969,0
DA:975,0
DA:976,0
DA:977,0
DA:980,0
DA:983,0
DA:985,0
DA:986,0
DA:988,0
DA:990,0
DA:991,0
DA:993,0
DA:995,0
DA:1009,0
DA:1014,0
DA:1015,0
DA:1016,0
DA:1018,0
DA:1022,0
DA:1030,0
DA:1034,0
DA:1039,0
DA:1040,0
DA:1043,0
DA:1044,0
DA:1045,0
DA:1050,0
DA:1051,0
DA:1052,0
DA:1057,0
DA:1058,0
DA:1059,0
DA:1060,0
DA:1061,0
DA:1062,0
DA:1066,0
DA:1068,0
DA:1069,0
DA:1070,0
DA:1071,0
DA:1072,0
DA:1073,0
DA:1080,0
DA:1082,0
DA:1083,0
DA:1084,0
DA:1085,0
DA:1087,0
DA:1091,0
DA:1092,0
DA:1102,0
DA:1106,0
DA:1109,0
DA:1111,0
DA:1112,0
DA:1113,0
DA:1114,0
DA:1115,0
DA:1116,0
DA:1117,0
DA:1118,0
DA:1119,0
DA:1120,0
DA:1121,0
DA:1122,0
DA:1123,0
DA:1127,0
DA:1128,0
DA:1129,0
DA:1130,0
DA:1131,0
DA:1132,0
DA:1133,0
DA:1134,0
DA:1135,0
DA:1136,0
DA:1137,0
DA:1138,0
DA:1139,0
DA:1143,0
DA:1144,0
DA:1147,0
DA:1148,0
DA:1149,0
DA:1150,0
DA:1155,0
DA:1160,0
DA:1161,0
DA:1162,0
DA:1168,0
DA:1169,0
DA:1171,0
DA:1175,0
DA:1186,0
DA:1187,0
DA:1191,0
DA:1196,0
DA:1197,0
DA:1198,0
DA:1200,0
DA:1201,0
DA:1203,0
DA:1204,0
DA:1208,0
DA:1213,0
DA:1214,0
DA:1215,0
DA:1217,0
DA:1218,0
DA:1220,0
DA:1221,0
DA:1225,0
DA:1230,0
DA:1231,0
DA:1232,0
DA:1234,0
DA:1235,0
DA:1237,0
DA:1238,0
DA:1242,0
DA:1247,0
DA:1248,0
DA:1249,0
DA:1251,0
DA:1252,0
DA:1255,0
DA:1256,0
DA:1257,0
DA:1259,0
DA:1262,0
DA:1264,0
DA:1265,0
DA:1266,0
DA:1267,0
DA:1268,0
DA:1269,0
DA:1270,0
DA:1271,0
DA:1273,0
LF:578
LH:155
end_of_record
SF:lib/services/theme_service.dart
DA:35,2
DA:36,2
DA:37,2
DA:38,2
DA:39,3
DA:41,1
DA:43,1
DA:44,2
DA:45,2
DA:47,1
DA:49,2
DA:50,3
DA:51,1
DA:55,1
DA:57,2
DA:58,3
DA:59,1
DA:63,1
DA:66,0
DA:76,1
DA:78,2
DA:79,1
DA:80,2
DA:81,1
DA:84,0
DA:90,0
DA:95,1
DA:97,2
DA:98,1
DA:99,2
DA:100,1
DA:103,0
DA:109,0
DA:114,1
DA:116,1
DA:117,1
DA:118,2
DA:119,1
DA:122,0
DA:132,1
DA:134,1
DA:135,1
DA:136,2
DA:137,1
DA:140,0
LF:45
LH:38
end_of_record
SF:lib/services/yeoman_service.dart
DA:32,1
DA:33,1
DA:36,2
DA:37,2
DA:38,3
DA:39,2
DA:40,2
DA:41,2
DA:42,2
DA:45,1
DA:47,2
DA:48,2
DA:49,2
DA:50,2
DA:51,1
DA:53,2
DA:56,1
DA:58,2
DA:59,1
DA:62,0
DA:72,1
DA:77,2
DA:78,3
DA:82,1
DA:84,1
DA:88,2
DA:89,2
DA:90,1
DA:91,2
DA:94,1
DA:99,1
DA:100,1
DA:101,2
DA:102,1
DA:104,1
DA:105,1
DA:106,1
DA:108,1
DA:110,1
DA:114,1
DA:115,1
DA:118,1
DA:119,4
DA:120,1
DA:121,2
DA:123,1
DA:135,1
DA:136,1
DA:139,2
DA:140,2
DA:141,2
DA:142,2
DA:143,2
DA:146,1
DA:147,2
DA:148,1
DA:149,0
DA:151,3
DA:152,3
DA:156,1
DA:159,1
DA:161,2
DA:162,2
DA:172,0
DA:183,1
DA:184,1
DA:187,2
DA:188,2
DA:190,1
DA:192,1
DA:194,2
DA:195,2
DA:197,3
DA:205,1
DA:216,1
DA:217,2
DA:218,2
DA:220,1
DA:221,1
DA:222,1
DA:225,1
DA:226,1
DA:229,1
DA:231,2
DA:232,2
DA:233,1
DA:235,2
DA:238,1
DA:240,1
DA:243,0
DA:244,0
DA:245,0
DA:254,1
DA:263,1
DA:266,1
DA:269,1
DA:275,2
DA:276,2
DA:277,1
DA:281,0
DA:295,1
DA:299,1
DA:302,1
DA:303,1
DA:307,1
DA:309,1
DA:310,1
DA:314,1
DA:316,1
DA:318,1
DA:320,1
DA:322,1
DA:329,1
DA:332,1
DA:334,1
DA:335,1
DA:336,1
DA:340,1
DA:341,1
DA:343,1
DA:345,1
DA:347,1
DA:349,1
DA:350,1
DA:352,1
DA:355,1
DA:358,1
DA:361,1
DA:363,1
DA:364,1
DA:365,1
DA:366,1
DA:367,1
DA:369,1
DA:371,1
DA:373,1
DA:375,1
DA:376,1
DA:378,1
DA:381,1
DA:384,1
DA:387,1
DA:389,1
DA:390,1
DA:397,1
DA:401,1
DA:403,1
DA:404,1
DA:406,1
DA:411,1
DA:415,1
DA:417,1
DA:422,1
DA:425,1
DA:430,1
DA:439,2
DA:441,0
DA:453,1
DA:455,1
DA:456,1
DA:457,3
DA:458,1
DA:459,2
DA:461,1
DA:463,2
DA:464,2
DA:465,2
DA:470,0
DA:475,1
DA:476,1
DA:479,1
DA:480,2
DA:481,1
DA:482,0
DA:487,1
DA:493,1
DA:496,4
DA:500,1
DA:503,1
DA:504,3
DA:505,1
DA:507,3
DA:508,1
DA:510,0
DA:511,1
DA:512,3
DA:517,2
DA:519,0
DA:520,0
DA:521,0
DA:526,1
DA:527,1
DA:536,1
DA:543,1
DA:546,1
DA:549,2
DA:550,2
DA:551,1
DA:553,1
DA:555,2
DA:556,2
DA:560,1
DA:563,1
DA:571,2
DA:574,1
DA:575,1
DA:576,1
DA:577,1
DA:578,1
DA:579,4
DA:580,4
DA:581,1
DA:582,1
DA:583,1
DA:584,1
DA:585,2
DA:586,2
DA:590,1
DA:591,1
DA:592,1
DA:597,1
DA:599,2
DA:600,4
DA:601,3
DA:603,4
DA:604,3
DA:606,1
DA:607,0
DA:608,0
DA:609,0
DA:610,0
DA:611,0
DA:615,2
DA:616,0
DA:620,1
DA:621,1
DA:630,1
DA:631,1
DA:632,1
DA:633,1
DA:634,1
DA:635,4
DA:636,1
DA:637,1
DA:638,1
DA:642,1
DA:643,1
DA:644,4
DA:645,1
DA:646,5
DA:648,1
DA:649,4
DA:651,1
DA:652,2
DA:654,1
DA:655,6
DA:657,1
DA:658,1
DA:659,4
DA:660,2
DA:661,1
DA:663,2
DA:665,6
DA:670,1
DA:673,2
DA:680,1
DA:681,1
DA:683,2
DA:685,0
DA:688,1
DA:691,1
DA:692,2
DA:693,1
DA:697,1
DA:698,1
DA:699,1
DA:700,1
DA:701,1
DA:702,1
DA:704,2
DA:705,1
DA:706,1
DA:708,1
DA:711,0
DA:712,0
DA:714,1
DA:716,1
DA:719,1
DA:721,2
DA:724,1
DA:726,1
DA:727,1
DA:728,3
DA:729,1
LF:294
LH:271
end_of_record
